<?xml version="1.0" encoding="UTF-8"?>
<!-- Generated by org.testng.reporters.JUnitXMLReporter -->
<testsuite ignored="0" hostname="SunilKumarBruce" failures="0" tests="6" name="Default test" time="41.138" errors="0" timestamp="2025-10-06T23:15:53 IST">
  <testcase classname="UI.ProductTests" name="testAddProduct" time="1.629"/>
  <testcase classname="UI.ProductTests" name="testEditProduct" time="1.733"/>
  <testcase classname="UI.ProductTests" name="testSearchProduct" time="0.475"/>
  <testcase classname="UI.ProductTests" name="testFilterProducts" time="0.448"/>
  <testcase classname="UI.ProductTests" name="DB_PC_06_InvalidSearch" time="0.379"/>
  <testcase classname="UI.ProductTests" name="testDeleteProduct" time="0.809"/>
</testsuite> <!-- Default test -->
