<?xml version="1.0" encoding="UTF-8"?>
<!-- Generated by org.testng.reporters.JUnitXMLReporter -->
<testsuite ignored="3" hostname="SunilKumarBruce" failures="0" tests="20" name="UI and DB Tests" time="202.081" errors="0" timestamp="2025-10-07T17:55:41 IST">
  <testcase classname="UI.UserManagementTest" name="DB_UM_01_VerifyCustomerLogin" time="1.699"/>
  <testcase classname="UI.UserManagementTest" name="DB_UM_02_InvalidLoginCheck" time="1.686"/>
  <testcase classname="UI.UserManagementTest" name="DB_UM_03_NewUserRegistration" time="4.021"/>
  <testcase classname="UI.ProductTests" name="testAddProduct" time="1.544"/>
  <testcase classname="UI.ProductTests" name="testEditProduct" time="1.52"/>
  <testcase classname="UI.ProductTests" name="testSearchProduct" time="0.44"/>
  <testcase classname="UI.ProductTests" name="testFilterProducts" time="0.43"/>
  <testcase classname="UI.ProductTests" name="DB_PC_06_InvalidSearch" time="0.431"/>
  <testcase classname="UI.ProductTests" name="testDeleteProduct" time="0.673"/>
  <testcase classname="UI.CartTests" name="testAddToCart" time="1.943"/>
  <testcase classname="UI.CartTests" name="testRemoveFromCart" time="2.553"/>
  <testcase classname="UI.CartTests" name="testUpdateQuantity" time="6.55"/>
  <testcase classname="UI.CartTests" name="testApplyValidCoupon" time="6.849"/>
  <testcase classname="UI.CartTests" name="testApplyInvalidCoupon" time="6.801"/>
  <testcase classname="UI.CartTests" name="testEmptyCartCheckout" time="4.321"/>
  <testcase classname="UI.CheckoutTests" name="testPlaceOrder" time="23.272"/>
  <testcase classname="UI.CheckoutTests" name="testViewOrderHistory" time="0.408"/>
  <testcase classname="UI.CheckoutTests" name="testReorder" time="1.286"/>
  <testcase classname="UI.CheckoutTests" name="testReturn" time="5.513"/>
  <testcase classname="UI.CheckoutTests" name="testInvalidCheckout" time="6.603"/>
  <testcase classname="Base.BaseTest" name="@BeforeSuite setUpSuite" time="0.0">
    <ignored/>
  </testcase> <!-- @BeforeSuite setUpSuite -->
  <testcase classname="Base.BaseTest" name="@BeforeSuite setUpSuite" time="0.0">
    <ignored/>
  </testcase> <!-- @BeforeSuite setUpSuite -->
  <testcase classname="Base.BaseTest" name="@BeforeSuite setUpSuite" time="0.0">
    <ignored/>
  </testcase> <!-- @BeforeSuite setUpSuite -->
</testsuite> <!-- UI and DB Tests -->
