<?xml version="1.0" encoding="UTF-8"?>
<!-- Generated by org.testng.reporters.JUnitXMLReporter -->
<testsuite ignored="3" hostname="SunilKumarBruce" failures="2" tests="20" name="UI and DB Tests" time="182.846" errors="0" timestamp="2025-10-08T15:19:35 IST">
  <testcase classname="UI.UserManagementTest" name="DB_UM_01_VerifyCustomerLogin" time="1.324"/>
  <testcase classname="UI.UserManagementTest" name="DB_UM_02_InvalidLoginCheck" time="1.225">
    <failure type="java.lang.AssertionError" message="UI warning mismatch. Expected: &amp;apos;Warning: No match for E-Mail Address and/or Password.&amp;apos; but got: &amp;apos;Warning: Your account has exceeded allowed number of login attempts. Please try again in 1 hour.&amp;apos;">
      <![CDATA[java.lang.AssertionError: UI warning mismatch. Expected: 'Warning: No match for E-Mail Address and/or Password.' but got: 'Warning: Your account has exceeded allowed number of login attempts. Please try again in 1 hour.'
at UI.UserManagementTest.DB_UM_02_InvalidLoginCheck(UserManagementTest.java:63)
at java.base/java.util.ArrayList.forEach(ArrayList.java:1596)
... Removed 26 stack frames]]>
    </failure>
  </testcase> <!-- DB_UM_02_InvalidLoginCheck -->
  <testcase classname="UI.UserManagementTest" name="DB_UM_03_NewUserRegistration" time="3.722"/>
  <testcase classname="UI.ProductTests" name="testAddProduct" time="0.938"/>
  <testcase classname="UI.ProductTests" name="testEditProduct" time="1.164"/>
  <testcase classname="UI.ProductTests" name="testSearchProduct" time="0.246"/>
  <testcase classname="UI.ProductTests" name="testFilterProducts" time="0.238"/>
  <testcase classname="UI.ProductTests" name="DB_PC_06_InvalidSearch" time="0.242"/>
  <testcase classname="UI.ProductTests" name="testDeleteProduct" time="0.409"/>
  <testcase classname="UI.CartTests" name="testAddToCart" time="1.222"/>
  <testcase classname="UI.CartTests" name="testRemoveFromCart" time="1.811"/>
  <testcase classname="UI.CartTests" name="testUpdateQuantity" time="5.823"/>
  <testcase classname="UI.CartTests" name="testApplyValidCoupon" time="5.78"/>
  <testcase classname="UI.CartTests" name="testApplyInvalidCoupon" time="5.826"/>
  <testcase classname="UI.CartTests" name="testEmptyCartCheckout" time="3.333"/>
  <testcase classname="UI.CheckoutTests" name="testPlaceOrder" time="21.418"/>
  <testcase classname="UI.CheckoutTests" name="testViewOrderHistory" time="0.464"/>
  <testcase classname="UI.CheckoutTests" name="testReorder" time="0.666"/>
  <testcase classname="UI.CheckoutTests" name="testReturn" time="4.973">
    <failure type="org.openqa.selenium.StaleElementReferenceException" message="stale element reference: stale element not found
  (Session info: chrome=141.0.7390.54)
For documentation on this error, please visit: https://www.selenium.dev/documentation/webdriver/troubleshooting/errors#stale-element-reference-exception
Build info: version: &amp;apos;4.25.0&amp;apos;, revision: &amp;apos;8a8aea2337&amp;apos;
System info: os.name: &amp;apos;Windows 11&amp;apos;, os.arch: &amp;apos;amd64&amp;apos;, os.version: &amp;apos;10.0&amp;apos;, java.version: &amp;apos;21.0.7&amp;apos;
Driver info: org.openqa.selenium.chrome.ChromeDriver
Command: [c743cabf7eb8bb220b5159bb1ef3f155, getElementText {id=f.E6BDBB685A8AC89CAB21A2710DA5BBCE.d.87C87823D3B9AC05F627EEA9A5CC6AB1.e.2544}]
Capabilities {acceptInsecureCerts: true, browserName: chrome, browserVersion: 141.0.7390.54, chrome: {chromedriverVersion: 141.0.7390.65 (b2ec783d2b51..., userDataDir: C:\Users\Sunil\AppData\Loca...}, fedcm:accounts: true, goog:chromeOptions: {debuggerAddress: localhost:11487}, networkConnectionEnabled: false, pageLoadStrategy: normal, platformName: windows, proxy: Proxy(), se:cdp: ws://localhost:11487/devtoo..., se:cdpVersion: 141.0.7390.54, setWindowRect: true, strictFileInteractability: false, timeouts: {implicit: 0, pageLoad: 300000, script: 30000}, unhandledPromptBehavior: dismiss and notify, webauthn:extension:credBlob: true, webauthn:extension:largeBlob: true, webauthn:extension:minPinLength: true, webauthn:extension:prf: true, webauthn:virtualAuthenticators: true}
Element: [[ChromeDriver: chrome on windows (c743cabf7eb8bb220b5159bb1ef3f155)] -&amp;gt; xpath: //h1[normalize-space()=&amp;apos;Product Returns&amp;apos;]]
Session ID: c743cabf7eb8bb220b5159bb1ef3f155">
      <![CDATA[org.openqa.selenium.StaleElementReferenceException: stale element reference: stale element not found
  (Session info: chrome=141.0.7390.54)
For documentation on this error, please visit: https://www.selenium.dev/documentation/webdriver/troubleshooting/errors#stale-element-reference-exception
Build info: version: '4.25.0', revision: '8a8aea2337'
System info: os.name: 'Windows 11', os.arch: 'amd64', os.version: '10.0', java.version: '21.0.7'
Driver info: org.openqa.selenium.chrome.ChromeDriver
Command: [c743cabf7eb8bb220b5159bb1ef3f155, getElementText {id=f.E6BDBB685A8AC89CAB21A2710DA5BBCE.d.87C87823D3B9AC05F627EEA9A5CC6AB1.e.2544}]
Capabilities {acceptInsecureCerts: true, browserName: chrome, browserVersion: 141.0.7390.54, chrome: {chromedriverVersion: 141.0.7390.65 (b2ec783d2b51..., userDataDir: C:\Users\Sunil\AppData\Loca...}, fedcm:accounts: true, goog:chromeOptions: {debuggerAddress: localhost:11487}, networkConnectionEnabled: false, pageLoadStrategy: normal, platformName: windows, proxy: Proxy(), se:cdp: ws://localhost:11487/devtoo..., se:cdpVersion: 141.0.7390.54, setWindowRect: true, strictFileInteractability: false, timeouts: {implicit: 0, pageLoad: 300000, script: 30000}, unhandledPromptBehavior: dismiss and notify, webauthn:extension:credBlob: true, webauthn:extension:largeBlob: true, webauthn:extension:minPinLength: true, webauthn:extension:prf: true, webauthn:virtualAuthenticators: true}
Element: [[ChromeDriver: chrome on windows (c743cabf7eb8bb220b5159bb1ef3f155)] -> xpath: //h1[normalize-space()='Product Returns']]
Session ID: c743cabf7eb8bb220b5159bb1ef3f155
at org.openqa.selenium.remote.ErrorCodec.decode(ErrorCodec.java:167)
at org.openqa.selenium.remote.codec.w3c.W3CHttpResponseCodec.decode(W3CHttpResponseCodec.java:138)
at org.openqa.selenium.remote.codec.w3c.W3CHttpResponseCodec.decode(W3CHttpResponseCodec.java:50)
at org.openqa.selenium.remote.HttpCommandExecutor.execute(HttpCommandExecutor.java:190)
at org.openqa.selenium.remote.service.DriverCommandExecutor.invokeExecute(DriverCommandExecutor.java:216)
at org.openqa.selenium.remote.service.DriverCommandExecutor.execute(DriverCommandExecutor.java:174)
at org.openqa.selenium.remote.RemoteWebDriver.execute(RemoteWebDriver.java:545)
at org.openqa.selenium.remote.RemoteWebElement.execute(RemoteWebElement.java:223)
at org.openqa.selenium.remote.RemoteWebElement.getText(RemoteWebElement.java:191)
at Utils.ElementUtil.getText(ElementUtil.java:30)
at Pages.CheckoutPage.getReturnMessage(CheckoutPage.java:236)
at UI.CheckoutTests.testReturn(CheckoutTests.java:89)
at java.base/java.util.ArrayList.forEach(ArrayList.java:1596)
... Removed 28 stack frames]]>
    </failure>
  </testcase> <!-- testReturn -->
  <testcase classname="UI.CheckoutTests" name="testInvalidCheckout" time="5.601"/>
  <testcase classname="Base.BaseTest" name="@BeforeSuite setUpSuite" time="0.0">
    <ignored/>
  </testcase> <!-- @BeforeSuite setUpSuite -->
  <testcase classname="Base.BaseTest" name="@BeforeSuite setUpSuite" time="0.0">
    <ignored/>
  </testcase> <!-- @BeforeSuite setUpSuite -->
  <testcase classname="Base.BaseTest" name="@BeforeSuite setUpSuite" time="0.0">
    <ignored/>
  </testcase> <!-- @BeforeSuite setUpSuite -->
</testsuite> <!-- UI and DB Tests -->
