<?xml version="1.0" encoding="UTF-8"?>
<!-- Generated by org.testng.reporters.JUnitXMLReporter -->
<testsuite ignored="0" hostname="SunilKumarBruce" failures="0" tests="19" name="UI Tests" time="219.466" errors="0" timestamp="2025-10-03T20:31:02 IST">
  <testcase classname="UI.UserManagementTest" name="testInvalidLogin" time="5.647"/>
  <testcase classname="UI.UserManagementTest" name="testUserRegistration" time="8.027"/>
  <testcase classname="UI.UserManagementTest" name="testValidLogin" time="5.555"/>
  <testcase classname="UI.ProductTests" name="testAddProduct" time="3.224"/>
  <testcase classname="UI.ProductTests" name="testEditProduct" time="3.085"/>
  <testcase classname="UI.ProductTests" name="testSearchProduct" time="4.339"/>
  <testcase classname="UI.ProductTests" name="testFilterProducts" time="2.555"/>
  <testcase classname="UI.ProductTests" name="testInvalidSearch" time="2.461"/>
  <testcase classname="UI.CartTests" name="testAddToCart" time="1.987"/>
  <testcase classname="UI.CartTests" name="testRemoveFromCart" time="2.575"/>
  <testcase classname="UI.CartTests" name="testUpdateQuantity" time="6.692"/>
  <testcase classname="UI.CartTests" name="testApplyValidCoupon" time="6.781"/>
  <testcase classname="UI.CartTests" name="testApplyInvalidCoupon" time="6.869"/>
  <testcase classname="UI.CartTests" name="testEmptyCartCheckout" time="4.569"/>
  <testcase classname="UI.CheckoutTests" name="testPlaceOrder" time="22.913"/>
  <testcase classname="UI.CheckoutTests" name="testViewOrderHistory" time="0.915"/>
  <testcase classname="UI.CheckoutTests" name="testReorder" time="1.48"/>
  <testcase classname="UI.CheckoutTests" name="testReturn" time="3.533"/>
  <testcase classname="UI.CheckoutTests" name="testInvalidCheckout" time="7.047"/>
</testsuite> <!-- UI Tests -->
