<?xml version="1.0" encoding="UTF-8"?>
<!-- Generated by org.testng.reporters.JUnitXMLReporter -->
<testsuite ignored="0" hostname="SunilKumarBruce" failures="0" tests="20" name="UI Tests" time="178.142" errors="0" timestamp="2025-10-06T23:09:24 IST">
  <testcase classname="UI.ProductTests" name="@BeforeMethod setUpTest" time="1.984">
    <failure type="org.openqa.selenium.NoSuchElementException" message="no such element: Unable to locate element: {&amp;quot;method&amp;quot;:&amp;quot;xpath&amp;quot;,&amp;quot;selector&amp;quot;:&amp;quot;//a[contains(text(),&amp;apos;Catalog&amp;apos;)]&amp;quot;}
  (Session info: chrome=141.0.7390.54)
For documentation on this error, please visit: https://www.selenium.dev/documentation/webdriver/troubleshooting/errors#no-such-element-exception
Build info: version: &amp;apos;4.35.0&amp;apos;, revision: &amp;apos;1c58e5028b&amp;apos;
System info: os.name: &amp;apos;Windows 11&amp;apos;, os.arch: &amp;apos;amd64&amp;apos;, os.version: &amp;apos;10.0&amp;apos;, java.version: &amp;apos;21.0.7&amp;apos;
Driver info: org.openqa.selenium.chrome.ChromeDriver
Command: [f48f52e27daf7b02384fe713c20766e5, findElement {value=//a[contains(text(),&amp;apos;Catalog&amp;apos;)], using=xpath}]
Capabilities {acceptInsecureCerts: true, browserName: chrome, browserVersion: 141.0.7390.54, chrome: {chromedriverVersion: 141.0.7390.54 (b95610d5c4a5..., userDataDir: C:\Users\Sunil\AppData\Loca...}, fedcm:accounts: true, goog:chromeOptions: {debuggerAddress: localhost:1708}, networkConnectionEnabled: false, pageLoadStrategy: normal, platformName: windows, proxy: Proxy(), se:cdp: ws://localhost:1708/devtool..., se:cdpVersion: 141.0.7390.54, setWindowRect: true, strictFileInteractability: false, timeouts: {implicit: 0, pageLoad: 300000, script: 30000}, unhandledPromptBehavior: dismiss and notify, webauthn:extension:credBlob: true, webauthn:extension:largeBlob: true, webauthn:extension:minPinLength: true, webauthn:extension:prf: true, webauthn:virtualAuthenticators: true}
Session ID: f48f52e27daf7b02384fe713c20766e5">
      <![CDATA[org.openqa.selenium.NoSuchElementException: no such element: Unable to locate element: {"method":"xpath","selector":"//a[contains(text(),'Catalog')]"}
  (Session info: chrome=141.0.7390.54)
For documentation on this error, please visit: https://www.selenium.dev/documentation/webdriver/troubleshooting/errors#no-such-element-exception
Build info: version: '4.35.0', revision: '1c58e5028b'
System info: os.name: 'Windows 11', os.arch: 'amd64', os.version: '10.0', java.version: '21.0.7'
Driver info: org.openqa.selenium.chrome.ChromeDriver
Command: [f48f52e27daf7b02384fe713c20766e5, findElement {value=//a[contains(text(),'Catalog')], using=xpath}]
Capabilities {acceptInsecureCerts: true, browserName: chrome, browserVersion: 141.0.7390.54, chrome: {chromedriverVersion: 141.0.7390.54 (b95610d5c4a5..., userDataDir: C:\Users\Sunil\AppData\Loca...}, fedcm:accounts: true, goog:chromeOptions: {debuggerAddress: localhost:1708}, networkConnectionEnabled: false, pageLoadStrategy: normal, platformName: windows, proxy: Proxy(), se:cdp: ws://localhost:1708/devtool..., se:cdpVersion: 141.0.7390.54, setWindowRect: true, strictFileInteractability: false, timeouts: {implicit: 0, pageLoad: 300000, script: 30000}, unhandledPromptBehavior: dismiss and notify, webauthn:extension:credBlob: true, webauthn:extension:largeBlob: true, webauthn:extension:minPinLength: true, webauthn:extension:prf: true, webauthn:virtualAuthenticators: true}
Session ID: f48f52e27daf7b02384fe713c20766e5
at org.openqa.selenium.remote.ErrorCodec.decode(ErrorCodec.java:167)
at org.openqa.selenium.remote.codec.w3c.W3CHttpResponseCodec.decode(W3CHttpResponseCodec.java:138)
at org.openqa.selenium.remote.codec.w3c.W3CHttpResponseCodec.decode(W3CHttpResponseCodec.java:50)
at org.openqa.selenium.remote.HttpCommandExecutor.execute(HttpCommandExecutor.java:215)
at org.openqa.selenium.remote.service.DriverCommandExecutor.invokeExecute(DriverCommandExecutor.java:216)
at org.openqa.selenium.remote.service.DriverCommandExecutor.execute(DriverCommandExecutor.java:174)
at org.openqa.selenium.remote.RemoteWebDriver.execute(RemoteWebDriver.java:557)
at org.openqa.selenium.remote.ElementLocation$ElementFinder$2.findElement(ElementLocation.java:165)
at org.openqa.selenium.remote.ElementLocation.findElement(ElementLocation.java:59)
at org.openqa.selenium.remote.RemoteWebDriver.findElement(RemoteWebDriver.java:380)
at org.openqa.selenium.remote.RemoteWebDriver.findElement(RemoteWebDriver.java:374)
at Pages.ProductPage.goToProductsPage(ProductPage.java:28)
at UI.ProductTests.setUpTest(ProductTests.java:27)
at java.base/java.util.ArrayList.forEach(ArrayList.java:1596)
... Removed 32 stack frames]]>
    </failure>
  </testcase> <!-- @BeforeMethod setUpTest -->
  <testcase classname="Base.BaseTest" name="@AfterMethod tearDown" time="0.0">
    <skipped/>
  </testcase> <!-- @AfterMethod tearDown -->
  <testcase classname="Base.BaseTest" name="@BeforeMethod setUp" time="0.0">
    <skipped/>
  </testcase> <!-- @BeforeMethod setUp -->
  <testcase classname="UI.ProductTests" name="@BeforeMethod setUpTest" time="0.0">
    <skipped/>
  </testcase> <!-- @BeforeMethod setUpTest -->
  <testcase classname="Base.BaseTest" name="@AfterMethod tearDown" time="0.0">
    <skipped/>
  </testcase> <!-- @AfterMethod tearDown -->
  <testcase classname="Base.BaseTest" name="@BeforeMethod setUp" time="0.0">
    <skipped/>
  </testcase> <!-- @BeforeMethod setUp -->
  <testcase classname="UI.ProductTests" name="@BeforeMethod setUpTest" time="0.0">
    <skipped/>
  </testcase> <!-- @BeforeMethod setUpTest -->
  <testcase classname="Base.BaseTest" name="@AfterMethod tearDown" time="0.0">
    <skipped/>
  </testcase> <!-- @AfterMethod tearDown -->
  <testcase classname="Base.BaseTest" name="@BeforeMethod setUp" time="0.0">
    <skipped/>
  </testcase> <!-- @BeforeMethod setUp -->
  <testcase classname="UI.ProductTests" name="@BeforeMethod setUpTest" time="0.0">
    <skipped/>
  </testcase> <!-- @BeforeMethod setUpTest -->
  <testcase classname="Base.BaseTest" name="@AfterMethod tearDown" time="0.0">
    <skipped/>
  </testcase> <!-- @AfterMethod tearDown -->
  <testcase classname="UI.UserManagementTest" name="DB_UM_01_VerifyCustomerLogin" time="1.879"/>
  <testcase classname="UI.UserManagementTest" name="DB_UM_02_InvalidLoginCheck" time="1.576"/>
  <testcase classname="UI.UserManagementTest" name="DB_UM_03_NewUserRegistration" time="3.972"/>
  <testcase classname="UI.ProductTests" name="testAddProduct" time="1.502"/>
  <testcase classname="UI.ProductTests" name="testEditProduct" time="1.673"/>
  <testcase classname="UI.ProductTests" name="testSearchProduct" time="0.0">
    <skipped/>
  </testcase> <!-- testSearchProduct -->
  <testcase classname="UI.ProductTests" name="testFilterProducts" time="0.002">
    <skipped/>
  </testcase> <!-- testFilterProducts -->
  <testcase classname="UI.ProductTests" name="DB_PC_06_InvalidSearch" time="0.0">
    <skipped/>
  </testcase> <!-- DB_PC_06_InvalidSearch -->
  <testcase classname="UI.ProductTests" name="testDeleteProduct" time="0.0">
    <skipped/>
  </testcase> <!-- testDeleteProduct -->
  <testcase classname="UI.CartTests" name="testAddToCart" time="1.845"/>
  <testcase classname="UI.CartTests" name="testRemoveFromCart" time="2.468"/>
  <testcase classname="UI.CartTests" name="testUpdateQuantity" time="6.479"/>
  <testcase classname="UI.CartTests" name="testApplyValidCoupon" time="6.753"/>
  <testcase classname="UI.CartTests" name="testApplyInvalidCoupon" time="6.741"/>
  <testcase classname="UI.CartTests" name="testEmptyCartCheckout" time="4.303"/>
  <testcase classname="UI.CheckoutTests" name="testPlaceOrder" time="23.373"/>
  <testcase classname="UI.CheckoutTests" name="testViewOrderHistory" time="0.401"/>
  <testcase classname="UI.CheckoutTests" name="testReorder" time="1.34"/>
  <testcase classname="UI.CheckoutTests" name="testReturn" time="5.552"/>
  <testcase classname="UI.CheckoutTests" name="testInvalidCheckout" time="7.042"/>
</testsuite> <!-- UI Tests -->
