<?xml version="1.0" encoding="UTF-8"?>
<!-- Generated by org.testng.reporters.JUnitXMLReporter -->
<testsuite ignored="0" hostname="SunilKumarBruce" failures="1" tests="3" name="User Management Tests" time="32.959" errors="0" timestamp="2025-09-30T23:52:51 IST">
  <testcase classname="UI.UserManagementTest" name="testInvalidLogin" time="3.749">
    <failure type="java.lang.AssertionError" message="Invalid login failed: either login succeeded or warning not displayed!">
      <![CDATA[java.lang.AssertionError: Invalid login failed: either login succeeded or warning not displayed!
at UI.UserManagementTest.testInvalidLogin(UserManagementTest.java:44)
at java.base/java.util.ArrayList.forEach(ArrayList.java:1596)
... Removed 26 stack frames]]>
    </failure>
  </testcase> <!-- testInvalidLogin -->
  <testcase classname="UI.UserManagementTest" name="testUserRegistration" time="8.14"/>
  <testcase classname="UI.UserManagementTest" name="testValidLogin" time="5.696"/>
</testsuite> <!-- User Management Tests -->
