<?xml version="1.0" encoding="UTF-8"?>
<testng-results ignored="0" total="20" passed="20" failed="0" skipped="0">
  <reporter-output>
  </reporter-output>
  <suite started-at="2025-12-07T19:26:13 IST" name="OpenCart Suite" finished-at="2025-12-07T19:30:38 IST" duration-ms="265726">
    <groups>
    </groups>
    <test started-at="2025-12-07T19:26:13 IST" name="UI and DB Tests" finished-at="2025-12-07T19:30:38 IST" duration-ms="265726">
      <class name="UI.CheckoutTests">
        <test-method is-config="true" signature="setUp()[pri:0, instance:UI.CheckoutTests@39d76cb5]" started-at="2025-12-07T19:29:09 IST" name="setUp" finished-at="2025-12-07T19:29:11 IST" duration-ms="1294" status="PASS">
          <reporter-output>
          </reporter-output>
        </test-method> <!-- setUp -->
        <test-method is-config="true" signature="setupTest()[pri:0, instance:UI.CheckoutTests@39d76cb5]" started-at="2025-12-07T19:29:11 IST" name="setupTest" finished-at="2025-12-07T19:29:15 IST" duration-ms="3991" status="PASS">
          <reporter-output>
          </reporter-output>
        </test-method> <!-- setupTest -->
        <test-method signature="testPlaceOrder()[pri:1, instance:UI.CheckoutTests@39d76cb5]" started-at="2025-12-07T19:29:15 IST" name="testPlaceOrder" finished-at="2025-12-07T19:29:42 IST" duration-ms="27485" status="PASS">
          <reporter-output>
          </reporter-output>
        </test-method> <!-- testPlaceOrder -->
        <test-method is-config="true" signature="tearDown()[pri:0, instance:UI.CheckoutTests@39d76cb5]" started-at="2025-12-07T19:29:42 IST" name="tearDown" finished-at="2025-12-07T19:29:44 IST" duration-ms="2229" status="PASS">
          <reporter-output>
          </reporter-output>
        </test-method> <!-- tearDown -->
        <test-method is-config="true" signature="setUp()[pri:0, instance:UI.CheckoutTests@39d76cb5]" started-at="2025-12-07T19:29:44 IST" name="setUp" finished-at="2025-12-07T19:29:46 IST" duration-ms="1275" status="PASS">
          <reporter-output>
          </reporter-output>
        </test-method> <!-- setUp -->
        <test-method is-config="true" signature="setupTest()[pri:0, instance:UI.CheckoutTests@39d76cb5]" started-at="2025-12-07T19:29:46 IST" name="setupTest" finished-at="2025-12-07T19:29:50 IST" duration-ms="4887" status="PASS">
          <reporter-output>
          </reporter-output>
        </test-method> <!-- setupTest -->
        <test-method signature="testViewOrderHistory()[pri:2, instance:UI.CheckoutTests@39d76cb5]" started-at="2025-12-07T19:29:50 IST" name="testViewOrderHistory" finished-at="2025-12-07T19:29:51 IST" duration-ms="937" status="PASS">
          <reporter-output>
          </reporter-output>
        </test-method> <!-- testViewOrderHistory -->
        <test-method is-config="true" signature="tearDown()[pri:0, instance:UI.CheckoutTests@39d76cb5]" started-at="2025-12-07T19:29:51 IST" name="tearDown" finished-at="2025-12-07T19:29:54 IST" duration-ms="2191" status="PASS">
          <reporter-output>
          </reporter-output>
        </test-method> <!-- tearDown -->
        <test-method is-config="true" signature="setUp()[pri:0, instance:UI.CheckoutTests@39d76cb5]" started-at="2025-12-07T19:29:54 IST" name="setUp" finished-at="2025-12-07T19:29:55 IST" duration-ms="1280" status="PASS">
          <reporter-output>
          </reporter-output>
        </test-method> <!-- setUp -->
        <test-method is-config="true" signature="setupTest()[pri:0, instance:UI.CheckoutTests@39d76cb5]" started-at="2025-12-07T19:29:55 IST" name="setupTest" finished-at="2025-12-07T19:30:00 IST" duration-ms="4786" status="PASS">
          <reporter-output>
          </reporter-output>
        </test-method> <!-- setupTest -->
        <test-method signature="testReorder()[pri:3, instance:UI.CheckoutTests@39d76cb5]" started-at="2025-12-07T19:30:00 IST" name="testReorder" finished-at="2025-12-07T19:30:02 IST" duration-ms="2727" status="PASS">
          <reporter-output>
          </reporter-output>
        </test-method> <!-- testReorder -->
        <test-method is-config="true" signature="tearDown()[pri:0, instance:UI.CheckoutTests@39d76cb5]" started-at="2025-12-07T19:30:02 IST" name="tearDown" finished-at="2025-12-07T19:30:05 IST" duration-ms="2219" status="PASS">
          <reporter-output>
          </reporter-output>
        </test-method> <!-- tearDown -->
        <test-method is-config="true" signature="setUp()[pri:0, instance:UI.CheckoutTests@39d76cb5]" started-at="2025-12-07T19:30:05 IST" name="setUp" finished-at="2025-12-07T19:30:06 IST" duration-ms="1337" status="PASS">
          <reporter-output>
          </reporter-output>
        </test-method> <!-- setUp -->
        <test-method is-config="true" signature="setupTest()[pri:0, instance:UI.CheckoutTests@39d76cb5]" started-at="2025-12-07T19:30:06 IST" name="setupTest" finished-at="2025-12-07T19:30:11 IST" duration-ms="4952" status="PASS">
          <reporter-output>
          </reporter-output>
        </test-method> <!-- setupTest -->
        <test-method signature="testReturn()[pri:4, instance:UI.CheckoutTests@39d76cb5]" started-at="2025-12-07T19:30:11 IST" name="testReturn" finished-at="2025-12-07T19:30:18 IST" duration-ms="7625" status="PASS">
          <reporter-output>
          </reporter-output>
        </test-method> <!-- testReturn -->
        <test-method is-config="true" signature="tearDown()[pri:0, instance:UI.CheckoutTests@39d76cb5]" started-at="2025-12-07T19:30:18 IST" name="tearDown" finished-at="2025-12-07T19:30:21 IST" duration-ms="2236" status="PASS">
          <reporter-output>
          </reporter-output>
        </test-method> <!-- tearDown -->
        <test-method is-config="true" signature="setUp()[pri:0, instance:UI.CheckoutTests@39d76cb5]" started-at="2025-12-07T19:30:21 IST" name="setUp" finished-at="2025-12-07T19:30:22 IST" duration-ms="1285" status="PASS">
          <reporter-output>
          </reporter-output>
        </test-method> <!-- setUp -->
        <test-method is-config="true" signature="setupTest()[pri:0, instance:UI.CheckoutTests@39d76cb5]" started-at="2025-12-07T19:30:22 IST" name="setupTest" finished-at="2025-12-07T19:30:27 IST" duration-ms="5016" status="PASS">
          <reporter-output>
          </reporter-output>
        </test-method> <!-- setupTest -->
        <test-method signature="testInvalidCheckout()[pri:5, instance:UI.CheckoutTests@39d76cb5]" started-at="2025-12-07T19:30:27 IST" name="testInvalidCheckout" finished-at="2025-12-07T19:30:36 IST" duration-ms="9092" status="PASS">
          <reporter-output>
          </reporter-output>
        </test-method> <!-- testInvalidCheckout -->
        <test-method is-config="true" signature="tearDown()[pri:0, instance:UI.CheckoutTests@39d76cb5]" started-at="2025-12-07T19:30:36 IST" name="tearDown" finished-at="2025-12-07T19:30:38 IST" duration-ms="2224" status="PASS">
          <reporter-output>
          </reporter-output>
        </test-method> <!-- tearDown -->
      </class> <!-- UI.CheckoutTests -->
      <class name="UI.ProductTests">
        <test-method is-config="true" signature="setUp()[pri:0, instance:UI.ProductTests@1cd629b3]" started-at="2025-12-07T19:26:43 IST" name="setUp" finished-at="2025-12-07T19:26:44 IST" duration-ms="1316" status="PASS">
          <reporter-output>
          </reporter-output>
        </test-method> <!-- setUp -->
        <test-method is-config="true" signature="setUpTest()[pri:0, instance:UI.ProductTests@1cd629b3]" started-at="2025-12-07T19:26:44 IST" name="setUpTest" finished-at="2025-12-07T19:26:48 IST" duration-ms="4026" status="PASS">
          <reporter-output>
          </reporter-output>
        </test-method> <!-- setUpTest -->
        <test-method signature="testAddProduct()[pri:1, instance:UI.ProductTests@1cd629b3]" started-at="2025-12-07T19:26:48 IST" name="testAddProduct" finished-at="2025-12-07T19:26:52 IST" duration-ms="3599" status="PASS">
          <reporter-output>
          </reporter-output>
        </test-method> <!-- testAddProduct -->
        <test-method is-config="true" signature="tearDown()[pri:0, instance:UI.ProductTests@1cd629b3]" started-at="2025-12-07T19:26:52 IST" name="tearDown" finished-at="2025-12-07T19:26:54 IST" duration-ms="2199" status="PASS">
          <reporter-output>
          </reporter-output>
        </test-method> <!-- tearDown -->
        <test-method is-config="true" signature="setUp()[pri:0, instance:UI.ProductTests@1cd629b3]" started-at="2025-12-07T19:26:54 IST" name="setUp" finished-at="2025-12-07T19:26:55 IST" duration-ms="1261" status="PASS">
          <reporter-output>
          </reporter-output>
        </test-method> <!-- setUp -->
        <test-method is-config="true" signature="setUpTest()[pri:0, instance:UI.ProductTests@1cd629b3]" started-at="2025-12-07T19:26:55 IST" name="setUpTest" finished-at="2025-12-07T19:26:59 IST" duration-ms="4012" status="PASS">
          <reporter-output>
          </reporter-output>
        </test-method> <!-- setUpTest -->
        <test-method signature="testEditProduct()[pri:2, instance:UI.ProductTests@1cd629b3]" started-at="2025-12-07T19:26:59 IST" name="testEditProduct" finished-at="2025-12-07T19:27:02 IST" duration-ms="2706" status="PASS">
          <reporter-output>
          </reporter-output>
        </test-method> <!-- testEditProduct -->
        <test-method is-config="true" signature="tearDown()[pri:0, instance:UI.ProductTests@1cd629b3]" started-at="2025-12-07T19:27:02 IST" name="tearDown" finished-at="2025-12-07T19:27:04 IST" duration-ms="2198" status="PASS">
          <reporter-output>
          </reporter-output>
        </test-method> <!-- tearDown -->
        <test-method is-config="true" signature="setUp()[pri:0, instance:UI.ProductTests@1cd629b3]" started-at="2025-12-07T19:27:04 IST" name="setUp" finished-at="2025-12-07T19:27:06 IST" duration-ms="1268" status="PASS">
          <reporter-output>
          </reporter-output>
        </test-method> <!-- setUp -->
        <test-method is-config="true" signature="setUpTest()[pri:0, instance:UI.ProductTests@1cd629b3]" started-at="2025-12-07T19:27:06 IST" name="setUpTest" finished-at="2025-12-07T19:27:10 IST" duration-ms="3941" status="PASS">
          <reporter-output>
          </reporter-output>
        </test-method> <!-- setUpTest -->
        <test-method signature="testSearchProduct()[pri:3, instance:UI.ProductTests@1cd629b3]" started-at="2025-12-07T19:27:10 IST" name="testSearchProduct" finished-at="2025-12-07T19:27:10 IST" duration-ms="957" status="PASS">
          <reporter-output>
          </reporter-output>
        </test-method> <!-- testSearchProduct -->
        <test-method is-config="true" signature="tearDown()[pri:0, instance:UI.ProductTests@1cd629b3]" started-at="2025-12-07T19:27:10 IST" name="tearDown" finished-at="2025-12-07T19:27:13 IST" duration-ms="2199" status="PASS">
          <reporter-output>
          </reporter-output>
        </test-method> <!-- tearDown -->
        <test-method is-config="true" signature="setUp()[pri:0, instance:UI.ProductTests@1cd629b3]" started-at="2025-12-07T19:27:13 IST" name="setUp" finished-at="2025-12-07T19:27:14 IST" duration-ms="1304" status="PASS">
          <reporter-output>
          </reporter-output>
        </test-method> <!-- setUp -->
        <test-method is-config="true" signature="setUpTest()[pri:0, instance:UI.ProductTests@1cd629b3]" started-at="2025-12-07T19:27:14 IST" name="setUpTest" finished-at="2025-12-07T19:27:18 IST" duration-ms="3888" status="PASS">
          <reporter-output>
          </reporter-output>
        </test-method> <!-- setUpTest -->
        <test-method signature="testFilterProducts()[pri:4, instance:UI.ProductTests@1cd629b3]" started-at="2025-12-07T19:27:18 IST" name="testFilterProducts" finished-at="2025-12-07T19:27:19 IST" duration-ms="946" status="PASS">
          <reporter-output>
          </reporter-output>
        </test-method> <!-- testFilterProducts -->
        <test-method is-config="true" signature="tearDown()[pri:0, instance:UI.ProductTests@1cd629b3]" started-at="2025-12-07T19:27:19 IST" name="tearDown" finished-at="2025-12-07T19:27:21 IST" duration-ms="2207" status="PASS">
          <reporter-output>
          </reporter-output>
        </test-method> <!-- tearDown -->
        <test-method is-config="true" signature="setUp()[pri:0, instance:UI.ProductTests@1cd629b3]" started-at="2025-12-07T19:27:21 IST" name="setUp" finished-at="2025-12-07T19:27:22 IST" duration-ms="1339" status="PASS">
          <reporter-output>
          </reporter-output>
        </test-method> <!-- setUp -->
        <test-method is-config="true" signature="setUpTest()[pri:0, instance:UI.ProductTests@1cd629b3]" started-at="2025-12-07T19:27:22 IST" name="setUpTest" finished-at="2025-12-07T19:27:26 IST" duration-ms="4053" status="PASS">
          <reporter-output>
          </reporter-output>
        </test-method> <!-- setUpTest -->
        <test-method signature="DB_PC_06_InvalidSearch()[pri:5, instance:UI.ProductTests@1cd629b3]" started-at="2025-12-07T19:27:26 IST" name="DB_PC_06_InvalidSearch" finished-at="2025-12-07T19:27:27 IST" duration-ms="879" status="PASS">
          <reporter-output>
          </reporter-output>
        </test-method> <!-- DB_PC_06_InvalidSearch -->
        <test-method is-config="true" signature="tearDown()[pri:0, instance:UI.ProductTests@1cd629b3]" started-at="2025-12-07T19:27:27 IST" name="tearDown" finished-at="2025-12-07T19:27:29 IST" duration-ms="2193" status="PASS">
          <reporter-output>
          </reporter-output>
        </test-method> <!-- tearDown -->
        <test-method is-config="true" signature="setUp()[pri:0, instance:UI.ProductTests@1cd629b3]" started-at="2025-12-07T19:27:29 IST" name="setUp" finished-at="2025-12-07T19:27:31 IST" duration-ms="1266" status="PASS">
          <reporter-output>
          </reporter-output>
        </test-method> <!-- setUp -->
        <test-method is-config="true" signature="setUpTest()[pri:0, instance:UI.ProductTests@1cd629b3]" started-at="2025-12-07T19:27:31 IST" name="setUpTest" finished-at="2025-12-07T19:27:35 IST" duration-ms="3856" status="PASS">
          <reporter-output>
          </reporter-output>
        </test-method> <!-- setUpTest -->
        <test-method signature="testDeleteProduct()[pri:6, instance:UI.ProductTests@1cd629b3]" started-at="2025-12-07T19:27:35 IST" name="testDeleteProduct" finished-at="2025-12-07T19:27:36 IST" duration-ms="1497" status="PASS">
          <reporter-output>
          </reporter-output>
        </test-method> <!-- testDeleteProduct -->
        <test-method is-config="true" signature="tearDown()[pri:0, instance:UI.ProductTests@1cd629b3]" started-at="2025-12-07T19:27:36 IST" name="tearDown" finished-at="2025-12-07T19:27:38 IST" duration-ms="2195" status="PASS">
          <reporter-output>
          </reporter-output>
        </test-method> <!-- tearDown -->
      </class> <!-- UI.ProductTests -->
      <class name="UI.UserManagementTest">
        <test-method is-config="true" signature="setUpSuite()[pri:0, instance:UI.UserManagementTest@7b993c65]" started-at="2025-12-07T19:26:13 IST" name="setUpSuite" finished-at="2025-12-07T19:26:13 IST" duration-ms="10" status="PASS">
          <reporter-output>
          </reporter-output>
        </test-method> <!-- setUpSuite -->
        <test-method is-config="true" signature="setUp()[pri:0, instance:UI.UserManagementTest@7b993c65]" started-at="2025-12-07T19:26:13 IST" name="setUp" finished-at="2025-12-07T19:26:16 IST" duration-ms="3280" status="PASS">
          <reporter-output>
          </reporter-output>
        </test-method> <!-- setUp -->
        <test-method is-config="true" signature="setUpTest()[pri:0, instance:UI.UserManagementTest@7b993c65]" started-at="2025-12-07T19:26:16 IST" name="setUpTest" finished-at="2025-12-07T19:26:18 IST" duration-ms="1596" status="PASS">
          <reporter-output>
          </reporter-output>
        </test-method> <!-- setUpTest -->
        <test-method signature="DB_UM_01_VerifyCustomerLogin()[pri:0, instance:UI.UserManagementTest@7b993c65]" started-at="2025-12-07T19:26:18 IST" name="DB_UM_01_VerifyCustomerLogin" finished-at="2025-12-07T19:26:21 IST" duration-ms="3503" status="PASS">
          <reporter-output>
          </reporter-output>
        </test-method> <!-- DB_UM_01_VerifyCustomerLogin -->
        <test-method is-config="true" signature="tearDown()[pri:0, instance:UI.UserManagementTest@7b993c65]" started-at="2025-12-07T19:26:21 IST" name="tearDown" finished-at="2025-12-07T19:26:23 IST" duration-ms="2210" status="PASS">
          <reporter-output>
          </reporter-output>
        </test-method> <!-- tearDown -->
        <test-method is-config="true" signature="setUp()[pri:0, instance:UI.UserManagementTest@7b993c65]" started-at="2025-12-07T19:26:23 IST" name="setUp" finished-at="2025-12-07T19:26:25 IST" duration-ms="1314" status="PASS">
          <reporter-output>
          </reporter-output>
        </test-method> <!-- setUp -->
        <test-method is-config="true" signature="setUpTest()[pri:0, instance:UI.UserManagementTest@7b993c65]" started-at="2025-12-07T19:26:25 IST" name="setUpTest" finished-at="2025-12-07T19:26:27 IST" duration-ms="2292" status="PASS">
          <reporter-output>
          </reporter-output>
        </test-method> <!-- setUpTest -->
        <test-method signature="DB_UM_02_InvalidLoginCheck()[pri:0, instance:UI.UserManagementTest@7b993c65]" started-at="2025-12-07T19:26:27 IST" name="DB_UM_02_InvalidLoginCheck" finished-at="2025-12-07T19:26:29 IST" duration-ms="2570" status="PASS">
          <reporter-output>
          </reporter-output>
        </test-method> <!-- DB_UM_02_InvalidLoginCheck -->
        <test-method is-config="true" signature="tearDown()[pri:0, instance:UI.UserManagementTest@7b993c65]" started-at="2025-12-07T19:26:29 IST" name="tearDown" finished-at="2025-12-07T19:26:32 IST" duration-ms="2214" status="PASS">
          <reporter-output>
          </reporter-output>
        </test-method> <!-- tearDown -->
        <test-method is-config="true" signature="setUp()[pri:0, instance:UI.UserManagementTest@7b993c65]" started-at="2025-12-07T19:26:32 IST" name="setUp" finished-at="2025-12-07T19:26:33 IST" duration-ms="1247" status="PASS">
          <reporter-output>
          </reporter-output>
        </test-method> <!-- setUp -->
        <test-method is-config="true" signature="setUpTest()[pri:0, instance:UI.UserManagementTest@7b993c65]" started-at="2025-12-07T19:26:33 IST" name="setUpTest" finished-at="2025-12-07T19:26:35 IST" duration-ms="2199" status="PASS">
          <reporter-output>
          </reporter-output>
        </test-method> <!-- setUpTest -->
        <test-method signature="DB_UM_03_NewUserRegistration()[pri:0, instance:UI.UserManagementTest@7b993c65]" started-at="2025-12-07T19:26:35 IST" name="DB_UM_03_NewUserRegistration" finished-at="2025-12-07T19:26:41 IST" duration-ms="5665" status="PASS">
          <reporter-output>
          </reporter-output>
        </test-method> <!-- DB_UM_03_NewUserRegistration -->
        <test-method is-config="true" signature="tearDown()[pri:0, instance:UI.UserManagementTest@7b993c65]" started-at="2025-12-07T19:26:41 IST" name="tearDown" finished-at="2025-12-07T19:26:43 IST" duration-ms="2219" status="PASS">
          <reporter-output>
          </reporter-output>
        </test-method> <!-- tearDown -->
      </class> <!-- UI.UserManagementTest -->
      <class name="UI.CartTests">
        <test-method is-config="true" signature="setUp()[pri:0, instance:UI.CartTests@589da3f3]" started-at="2025-12-07T19:27:38 IST" name="setUp" finished-at="2025-12-07T19:27:40 IST" duration-ms="1313" status="PASS">
          <reporter-output>
          </reporter-output>
        </test-method> <!-- setUp -->
        <test-method is-config="true" signature="setupTest()[pri:0, instance:UI.CartTests@589da3f3]" started-at="2025-12-07T19:27:40 IST" name="setupTest" finished-at="2025-12-07T19:27:44 IST" duration-ms="4229" status="PASS">
          <reporter-output>
          </reporter-output>
        </test-method> <!-- setupTest -->
        <test-method signature="testAddToCart()[pri:1, instance:UI.CartTests@589da3f3]" started-at="2025-12-07T19:27:44 IST" name="testAddToCart" finished-at="2025-12-07T19:27:47 IST" duration-ms="3263" status="PASS">
          <reporter-output>
          </reporter-output>
        </test-method> <!-- testAddToCart -->
        <test-method is-config="true" signature="tearDown()[pri:0, instance:UI.CartTests@589da3f3]" started-at="2025-12-07T19:27:47 IST" name="tearDown" finished-at="2025-12-07T19:27:49 IST" duration-ms="2214" status="PASS">
          <reporter-output>
          </reporter-output>
        </test-method> <!-- tearDown -->
        <test-method is-config="true" signature="setUp()[pri:0, instance:UI.CartTests@589da3f3]" started-at="2025-12-07T19:27:49 IST" name="setUp" finished-at="2025-12-07T19:27:51 IST" duration-ms="1313" status="PASS">
          <reporter-output>
          </reporter-output>
        </test-method> <!-- setUp -->
        <test-method is-config="true" signature="setupTest()[pri:0, instance:UI.CartTests@589da3f3]" started-at="2025-12-07T19:27:51 IST" name="setupTest" finished-at="2025-12-07T19:27:56 IST" duration-ms="5315" status="PASS">
          <reporter-output>
          </reporter-output>
        </test-method> <!-- setupTest -->
        <test-method signature="testRemoveFromCart()[pri:2, instance:UI.CartTests@589da3f3]" started-at="2025-12-07T19:27:56 IST" name="testRemoveFromCart" finished-at="2025-12-07T19:28:01 IST" duration-ms="4533" status="PASS">
          <reporter-output>
          </reporter-output>
        </test-method> <!-- testRemoveFromCart -->
        <test-method is-config="true" signature="tearDown()[pri:0, instance:UI.CartTests@589da3f3]" started-at="2025-12-07T19:28:01 IST" name="tearDown" finished-at="2025-12-07T19:28:03 IST" duration-ms="2216" status="PASS">
          <reporter-output>
          </reporter-output>
        </test-method> <!-- tearDown -->
        <test-method is-config="true" signature="setUp()[pri:0, instance:UI.CartTests@589da3f3]" started-at="2025-12-07T19:28:03 IST" name="setUp" finished-at="2025-12-07T19:28:04 IST" duration-ms="1313" status="PASS">
          <reporter-output>
          </reporter-output>
        </test-method> <!-- setUp -->
        <test-method is-config="true" signature="setupTest()[pri:0, instance:UI.CartTests@589da3f3]" started-at="2025-12-07T19:28:04 IST" name="setupTest" finished-at="2025-12-07T19:28:08 IST" duration-ms="4291" status="PASS">
          <reporter-output>
          </reporter-output>
        </test-method> <!-- setupTest -->
        <test-method signature="testUpdateQuantity()[pri:3, instance:UI.CartTests@589da3f3]" started-at="2025-12-07T19:28:08 IST" name="testUpdateQuantity" finished-at="2025-12-07T19:28:17 IST" duration-ms="8649" status="PASS">
          <reporter-output>
          </reporter-output>
        </test-method> <!-- testUpdateQuantity -->
        <test-method is-config="true" signature="tearDown()[pri:0, instance:UI.CartTests@589da3f3]" started-at="2025-12-07T19:28:17 IST" name="tearDown" finished-at="2025-12-07T19:28:19 IST" duration-ms="2234" status="PASS">
          <reporter-output>
          </reporter-output>
        </test-method> <!-- tearDown -->
        <test-method is-config="true" signature="setUp()[pri:0, instance:UI.CartTests@589da3f3]" started-at="2025-12-07T19:28:19 IST" name="setUp" finished-at="2025-12-07T19:28:20 IST" duration-ms="1252" status="PASS">
          <reporter-output>
          </reporter-output>
        </test-method> <!-- setUp -->
        <test-method is-config="true" signature="setupTest()[pri:0, instance:UI.CartTests@589da3f3]" started-at="2025-12-07T19:28:20 IST" name="setupTest" finished-at="2025-12-07T19:28:26 IST" duration-ms="5049" status="PASS">
          <reporter-output>
          </reporter-output>
        </test-method> <!-- setupTest -->
        <test-method signature="testApplyValidCoupon()[pri:4, instance:UI.CartTests@589da3f3]" started-at="2025-12-07T19:28:26 IST" name="testApplyValidCoupon" finished-at="2025-12-07T19:28:35 IST" duration-ms="9194" status="PASS">
          <reporter-output>
          </reporter-output>
        </test-method> <!-- testApplyValidCoupon -->
        <test-method is-config="true" signature="tearDown()[pri:0, instance:UI.CartTests@589da3f3]" started-at="2025-12-07T19:28:35 IST" name="tearDown" finished-at="2025-12-07T19:28:37 IST" duration-ms="2230" status="PASS">
          <reporter-output>
          </reporter-output>
        </test-method> <!-- tearDown -->
        <test-method is-config="true" signature="setUp()[pri:0, instance:UI.CartTests@589da3f3]" started-at="2025-12-07T19:28:37 IST" name="setUp" finished-at="2025-12-07T19:28:38 IST" duration-ms="1424" status="PASS">
          <reporter-output>
          </reporter-output>
        </test-method> <!-- setUp -->
        <test-method is-config="true" signature="setupTest()[pri:0, instance:UI.CartTests@589da3f3]" started-at="2025-12-07T19:28:38 IST" name="setupTest" finished-at="2025-12-07T19:28:43 IST" duration-ms="4655" status="PASS">
          <reporter-output>
          </reporter-output>
        </test-method> <!-- setupTest -->
        <test-method signature="testApplyInvalidCoupon()[pri:5, instance:UI.CartTests@589da3f3]" started-at="2025-12-07T19:28:43 IST" name="testApplyInvalidCoupon" finished-at="2025-12-07T19:28:52 IST" duration-ms="8762" status="PASS">
          <reporter-output>
          </reporter-output>
        </test-method> <!-- testApplyInvalidCoupon -->
        <test-method is-config="true" signature="tearDown()[pri:0, instance:UI.CartTests@589da3f3]" started-at="2025-12-07T19:28:52 IST" name="tearDown" finished-at="2025-12-07T19:28:54 IST" duration-ms="2238" status="PASS">
          <reporter-output>
          </reporter-output>
        </test-method> <!-- tearDown -->
        <test-method is-config="true" signature="setUp()[pri:0, instance:UI.CartTests@589da3f3]" started-at="2025-12-07T19:28:54 IST" name="setUp" finished-at="2025-12-07T19:28:55 IST" duration-ms="1392" status="PASS">
          <reporter-output>
          </reporter-output>
        </test-method> <!-- setUp -->
        <test-method is-config="true" signature="setupTest()[pri:0, instance:UI.CartTests@589da3f3]" started-at="2025-12-07T19:28:55 IST" name="setupTest" finished-at="2025-12-07T19:29:00 IST" duration-ms="5063" status="PASS">
          <reporter-output>
          </reporter-output>
        </test-method> <!-- setupTest -->
        <test-method signature="testEmptyCartCheckout()[pri:6, instance:UI.CartTests@589da3f3]" started-at="2025-12-07T19:29:00 IST" name="testEmptyCartCheckout" finished-at="2025-12-07T19:29:07 IST" duration-ms="6541" status="PASS">
          <reporter-output>
          </reporter-output>
        </test-method> <!-- testEmptyCartCheckout -->
        <test-method is-config="true" signature="tearDown()[pri:0, instance:UI.CartTests@589da3f3]" started-at="2025-12-07T19:29:07 IST" name="tearDown" finished-at="2025-12-07T19:29:09 IST" duration-ms="2216" status="PASS">
          <reporter-output>
          </reporter-output>
        </test-method> <!-- tearDown -->
      </class> <!-- UI.CartTests -->
    </test> <!-- UI and DB Tests -->
  </suite> <!-- OpenCart Suite -->
</testng-results>
