<?xml version="1.0" encoding="UTF-8"?>
<!-- Generated by org.testng.reporters.JUnitReportReporter -->
<testsuite hostname="SunilKumarBruce" failures="0" tests="5" name="UI.CheckoutTests" time="67.981" errors="0" timestamp="2025-10-07T22:10:00 IST" skipped="0">
  <testcase classname="UI.CheckoutTests" name="testPlaceOrder" time="29.208"/>
  <testcase classname="UI.CheckoutTests" name="testViewOrderHistory" time="6.482"/>
  <testcase classname="UI.CheckoutTests" name="testReorder" time="8.595"/>
  <testcase classname="UI.CheckoutTests" name="testReturn" time="11.556"/>
  <testcase classname="UI.CheckoutTests" name="testInvalidCheckout" time="12.140"/>
</testsuite> <!-- UI.CheckoutTests -->
