<?xml version="1.0" encoding="UTF-8"?>
<!-- Generated by org.testng.reporters.JUnitReportReporter -->
<testsuite hostname="SunilKumarBruce" failures="0" tests="3" name="UI.UserManagementTest" time="34.176" errors="0" timestamp="2025-10-03T20:31:02 IST" skipped="0">
  <testcase classname="UI.UserManagementTest" name="testUserRegistration" time="12.860"/>
  <testcase classname="UI.UserManagementTest" name="testInvalidLogin" time="10.562"/>
  <testcase classname="UI.UserManagementTest" name="testValidLogin" time="10.754"/>
</testsuite> <!-- UI.UserManagementTest -->
