<?xml version="1.0" encoding="UTF-8"?>
<!-- Generated by org.testng.reporters.JUnitReportReporter -->
<testsuite hostname="SunilKumarBruce" failures="0" tests="6" name="UI.ProductTests" time="50.684" errors="0" timestamp="2025-10-10T17:01:32 IST" skipped="0">
  <testcase classname="UI.ProductTests" name="testAddProduct" time="10.147"/>
  <testcase classname="UI.ProductTests" name="testEditProduct" time="9.102"/>
  <testcase classname="UI.ProductTests" name="testSearchProduct" time="7.404"/>
  <testcase classname="UI.ProductTests" name="testFilterProducts" time="7.810"/>
  <testcase classname="UI.ProductTests" name="DB_PC_06_InvalidSearch" time="7.439"/>
  <testcase classname="UI.ProductTests" name="testDeleteProduct" time="8.782"/>
</testsuite> <!-- UI.ProductTests -->
