<?xml version="1.0" encoding="UTF-8"?>
<!-- Generated by org.testng.reporters.JUnitReportReporter -->
<testsuite hostname="SunilKumarBruce" failures="0" tests="5" name="UI.CheckoutTests" time="69.361" errors="0" timestamp="2025-10-06T23:09:24 IST" skipped="0">
  <testcase classname="UI.CheckoutTests" name="testPlaceOrder" time="29.679"/>
  <testcase classname="UI.CheckoutTests" name="testViewOrderHistory" time="6.792"/>
  <testcase classname="UI.CheckoutTests" name="testReorder" time="7.949"/>
  <testcase classname="UI.CheckoutTests" name="testReturn" time="11.855"/>
  <testcase classname="UI.CheckoutTests" name="testInvalidCheckout" time="13.086"/>
</testsuite> <!-- UI.CheckoutTests -->
