<?xml version="1.0" encoding="UTF-8"?>
<!-- Generated by org.testng.reporters.JUnitReportReporter -->
<testsuite hostname="SunilKumarBruce" failures="0" tests="6" name="UI.ProductTests" time="55.305" errors="0" timestamp="2025-12-07T19:30:39 IST" skipped="0">
  <testcase classname="UI.ProductTests" name="testAddProduct" time="11.092"/>
  <testcase classname="UI.ProductTests" name="testEditProduct" time="10.064"/>
  <testcase classname="UI.ProductTests" name="testSearchProduct" time="8.466"/>
  <testcase classname="UI.ProductTests" name="testFilterProducts" time="8.504"/>
  <testcase classname="UI.ProductTests" name="DB_PC_06_InvalidSearch" time="8.285"/>
  <testcase classname="UI.ProductTests" name="testDeleteProduct" time="8.894"/>
</testsuite> <!-- UI.ProductTests -->
