<?xml version="1.0" encoding="UTF-8"?>
<!-- Generated by org.testng.reporters.JUnitReportReporter -->
<testsuite hostname="SunilKumarBruce" failures="0" tests="6" name="UI.CartTests" time="59.362" errors="0" timestamp="2025-10-08T15:19:36 IST" skipped="0">
  <testcase classname="UI.CartTests" name="testAddToCart" time="7.040"/>
  <testcase classname="UI.CartTests" name="testRemoveFromCart" time="7.848"/>
  <testcase classname="UI.CartTests" name="testUpdateQuantity" time="11.856"/>
  <testcase classname="UI.CartTests" name="testApplyValidCoupon" time="11.762"/>
  <testcase classname="UI.CartTests" name="testApplyInvalidCoupon" time="11.684"/>
  <testcase classname="UI.CartTests" name="testEmptyCartCheckout" time="9.172"/>
</testsuite> <!-- UI.CartTests -->
