<?xml version="1.0" encoding="UTF-8"?>
<!-- Generated by org.testng.reporters.JUnitReportReporter -->
<testsuite hostname="SunilKumarBruce" failures="0" tests="6" name="UI.CartTests" time="67.634" errors="0" timestamp="2025-10-06T23:09:24 IST" skipped="0">
  <testcase classname="UI.CartTests" name="testAddToCart" time="8.266"/>
  <testcase classname="UI.CartTests" name="testRemoveFromCart" time="9.080"/>
  <testcase classname="UI.CartTests" name="testUpdateQuantity" time="12.995"/>
  <testcase classname="UI.CartTests" name="testApplyValidCoupon" time="13.277"/>
  <testcase classname="UI.CartTests" name="testApplyInvalidCoupon" time="13.283"/>
  <testcase classname="UI.CartTests" name="testEmptyCartCheckout" time="10.733"/>
</testsuite> <!-- UI.CartTests -->
