<?xml version="1.0" encoding="UTF-8"?>
<!-- Generated by org.testng.reporters.JUnitReportReporter -->
<testsuite hostname="SunilKumarBruce" failures="0" tests="3" name="UI.UserManagementTest" time="22.912" errors="0" timestamp="2025-10-06T23:09:24 IST" skipped="0">
  <testcase classname="UI.UserManagementTest" name="DB_UM_03_NewUserRegistration" time="8.811"/>
  <testcase classname="UI.UserManagementTest" name="DB_UM_01_VerifyCustomerLogin" time="6.794"/>
  <testcase classname="UI.UserManagementTest" name="DB_UM_02_InvalidLoginCheck" time="7.307"/>
</testsuite> <!-- UI.UserManagementTest -->
